Determining if the pthread_create exist failed with the following output:
Change Dir: /home/yang/RoboScrub/src/launcher/launcher_state_machine/cmake-build-debug/CMakeFiles/CMakeTmp

Run Build Command(s):/usr/bin/make cmTC_e7ae9/fast 
/usr/bin/make -f CMakeFiles/cmTC_e7ae9.dir/build.make CMakeFiles/cmTC_e7ae9.dir/build
make[1]: Entering directory '/home/yang/RoboScrub/src/launcher/launcher_state_machine/cmake-build-debug/CMakeFiles/CMakeTmp'
Building C object CMakeFiles/cmTC_e7ae9.dir/CheckSymbolExists.c.o
/usr/bin/cc    -o CMakeFiles/cmTC_e7ae9.dir/CheckSymbolExists.c.o   -c /home/yang/RoboScrub/src/launcher/launcher_state_machine/cmake-build-debug/CMakeFiles/CMakeTmp/CheckSymbolExists.c
Linking C executable cmTC_e7ae9
/home/yang/Documents/clion-2019.1.4/bin/cmake/linux/bin/cmake -E cmake_link_script CMakeFiles/cmTC_e7ae9.dir/link.txt --verbose=1
/usr/bin/cc      -rdynamic CMakeFiles/cmTC_e7ae9.dir/CheckSymbolExists.c.o  -o cmTC_e7ae9 
CMakeFiles/cmTC_e7ae9.dir/CheckSymbolExists.c.o: In function `main':
CheckSymbolExists.c:(.text+0x1b): undefined reference to `pthread_create'
collect2: error: ld returned 1 exit status
CMakeFiles/cmTC_e7ae9.dir/build.make:86: recipe for target 'cmTC_e7ae9' failed
make[1]: *** [cmTC_e7ae9] Error 1
make[1]: Leaving directory '/home/yang/RoboScrub/src/launcher/launcher_state_machine/cmake-build-debug/CMakeFiles/CMakeTmp'
Makefile:121: recipe for target 'cmTC_e7ae9/fast' failed
make: *** [cmTC_e7ae9/fast] Error 2

File /home/yang/RoboScrub/src/launcher/launcher_state_machine/cmake-build-debug/CMakeFiles/CMakeTmp/CheckSymbolExists.c:
/* */
#include <pthread.h>

int main(int argc, char** argv)
{
  (void)argv;
#ifndef pthread_create
  return ((int*)(&pthread_create))[argc];
#else
  (void)argc;
  return 0;
#endif
}

Determining if the function pthread_create exists in the pthreads failed with the following output:
Change Dir: /home/yang/RoboScrub/src/launcher/launcher_state_machine/cmake-build-debug/CMakeFiles/CMakeTmp

Run Build Command(s):/usr/bin/make cmTC_a1207/fast 
/usr/bin/make -f CMakeFiles/cmTC_a1207.dir/build.make CMakeFiles/cmTC_a1207.dir/build
make[1]: Entering directory '/home/yang/RoboScrub/src/launcher/launcher_state_machine/cmake-build-debug/CMakeFiles/CMakeTmp'
Building C object CMakeFiles/cmTC_a1207.dir/CheckFunctionExists.c.o
/usr/bin/cc   -DCHECK_FUNCTION_EXISTS=pthread_create   -o CMakeFiles/cmTC_a1207.dir/CheckFunctionExists.c.o   -c /home/yang/Documents/clion-2019.1.4/bin/cmake/linux/share/cmake-3.14/Modules/CheckFunctionExists.c
Linking C executable cmTC_a1207
/home/yang/Documents/clion-2019.1.4/bin/cmake/linux/bin/cmake -E cmake_link_script CMakeFiles/cmTC_a1207.dir/link.txt --verbose=1
/usr/bin/cc  -DCHECK_FUNCTION_EXISTS=pthread_create    -rdynamic CMakeFiles/cmTC_a1207.dir/CheckFunctionExists.c.o  -o cmTC_a1207 -lpthreads 
/usr/bin/ld: cannot find -lpthreads
collect2: error: ld returned 1 exit status
CMakeFiles/cmTC_a1207.dir/build.make:86: recipe for target 'cmTC_a1207' failed
make[1]: *** [cmTC_a1207] Error 1
make[1]: Leaving directory '/home/yang/RoboScrub/src/launcher/launcher_state_machine/cmake-build-debug/CMakeFiles/CMakeTmp'
Makefile:121: recipe for target 'cmTC_a1207/fast' failed
make: *** [cmTC_a1207/fast] Error 2


