Determining if the pthread_create exist failed with the following output:
Change Dir: /home/longyue/git_repo/RoboScrub_Nav/src/navigation/amcl/cmake-build-debug/CMakeFiles/CMakeTmp

Run Build Command(s):/usr/bin/make cmTC_c7025/fast 
/usr/bin/make -f CMakeFiles/cmTC_c7025.dir/build.make CMakeFiles/cmTC_c7025.dir/build
make[1]: Entering directory '/home/longyue/git_repo/RoboScrub_Nav/src/navigation/amcl/cmake-build-debug/CMakeFiles/CMakeTmp'
Building C object CMakeFiles/cmTC_c7025.dir/CheckSymbolExists.c.o
/usr/bin/cc    -o CMakeFiles/cmTC_c7025.dir/CheckSymbolExists.c.o   -c /home/longyue/git_repo/RoboScrub_Nav/src/navigation/amcl/cmake-build-debug/CMakeFiles/CMakeTmp/CheckSymbolExists.c
Linking C executable cmTC_c7025
/home/longyue/Downloads/clion-2019.1.4/bin/cmake/linux/bin/cmake -E cmake_link_script CMakeFiles/cmTC_c7025.dir/link.txt --verbose=1
/usr/bin/cc      -rdynamic CMakeFiles/cmTC_c7025.dir/CheckSymbolExists.c.o  -o cmTC_c7025 
CMakeFiles/cmTC_c7025.dir/CheckSymbolExists.c.o: In function `main':
CheckSymbolExists.c:(.text+0x1b): undefined reference to `pthread_create'
collect2: error: ld returned 1 exit status
CMakeFiles/cmTC_c7025.dir/build.make:86: recipe for target 'cmTC_c7025' failed
make[1]: *** [cmTC_c7025] Error 1
make[1]: Leaving directory '/home/longyue/git_repo/RoboScrub_Nav/src/navigation/amcl/cmake-build-debug/CMakeFiles/CMakeTmp'
Makefile:121: recipe for target 'cmTC_c7025/fast' failed
make: *** [cmTC_c7025/fast] Error 2

File /home/longyue/git_repo/RoboScrub_Nav/src/navigation/amcl/cmake-build-debug/CMakeFiles/CMakeTmp/CheckSymbolExists.c:
/* */
#include <pthread.h>

int main(int argc, char** argv)
{
  (void)argv;
#ifndef pthread_create
  return ((int*)(&pthread_create))[argc];
#else
  (void)argc;
  return 0;
#endif
}

Determining if the function pthread_create exists in the pthreads failed with the following output:
Change Dir: /home/longyue/git_repo/RoboScrub_Nav/src/navigation/amcl/cmake-build-debug/CMakeFiles/CMakeTmp

Run Build Command(s):/usr/bin/make cmTC_7dfcd/fast 
/usr/bin/make -f CMakeFiles/cmTC_7dfcd.dir/build.make CMakeFiles/cmTC_7dfcd.dir/build
make[1]: Entering directory '/home/longyue/git_repo/RoboScrub_Nav/src/navigation/amcl/cmake-build-debug/CMakeFiles/CMakeTmp'
Building C object CMakeFiles/cmTC_7dfcd.dir/CheckFunctionExists.c.o
/usr/bin/cc   -DCHECK_FUNCTION_EXISTS=pthread_create   -o CMakeFiles/cmTC_7dfcd.dir/CheckFunctionExists.c.o   -c /home/longyue/Downloads/clion-2019.1.4/bin/cmake/linux/share/cmake-3.14/Modules/CheckFunctionExists.c
Linking C executable cmTC_7dfcd
/home/longyue/Downloads/clion-2019.1.4/bin/cmake/linux/bin/cmake -E cmake_link_script CMakeFiles/cmTC_7dfcd.dir/link.txt --verbose=1
/usr/bin/cc  -DCHECK_FUNCTION_EXISTS=pthread_create    -rdynamic CMakeFiles/cmTC_7dfcd.dir/CheckFunctionExists.c.o  -o cmTC_7dfcd -lpthreads 
/usr/bin/ld: cannot find -lpthreads
collect2: error: ld returned 1 exit status
CMakeFiles/cmTC_7dfcd.dir/build.make:86: recipe for target 'cmTC_7dfcd' failed
make[1]: *** [cmTC_7dfcd] Error 1
make[1]: Leaving directory '/home/longyue/git_repo/RoboScrub_Nav/src/navigation/amcl/cmake-build-debug/CMakeFiles/CMakeTmp'
Makefile:121: recipe for target 'cmTC_7dfcd/fast' failed
make: *** [cmTC_7dfcd/fast] Error 2


