Determining if the pthread_create exist failed with the following output:
Change Dir: /home/yangjian/AWS_CodeBuild/AWS_CodeBuild/Roboscrub_ws/build/CMakeFiles/CMakeTmp

Run Build Command:"/usr/bin/make" "cmTC_93eec/fast"
/usr/bin/make -f CMakeFiles/cmTC_93eec.dir/build.make CMakeFiles/cmTC_93eec.dir/build
make[1]: Entering directory '/home/yangjian/AWS_CodeBuild/AWS_CodeBuild/Roboscrub_ws/build/CMakeFiles/CMakeTmp'
Building C object CMakeFiles/cmTC_93eec.dir/CheckSymbolExists.c.o
/usr/bin/cc    -o CMakeFiles/cmTC_93eec.dir/CheckSymbolExists.c.o   -c /home/yangjian/AWS_CodeBuild/AWS_CodeBuild/Roboscrub_ws/build/CMakeFiles/CMakeTmp/CheckSymbolExists.c
Linking C executable cmTC_93eec
/usr/bin/cmake -E cmake_link_script CMakeFiles/cmTC_93eec.dir/link.txt --verbose=1
/usr/bin/cc      -rdynamic CMakeFiles/cmTC_93eec.dir/CheckSymbolExists.c.o  -o cmTC_93eec 
CMakeFiles/cmTC_93eec.dir/CheckSymbolExists.c.o: In function `main':
CheckSymbolExists.c:(.text+0x1b): undefined reference to `pthread_create'
collect2: error: ld returned 1 exit status
CMakeFiles/cmTC_93eec.dir/build.make:97: recipe for target 'cmTC_93eec' failed
make[1]: *** [cmTC_93eec] Error 1
make[1]: Leaving directory '/home/yangjian/AWS_CodeBuild/AWS_CodeBuild/Roboscrub_ws/build/CMakeFiles/CMakeTmp'
Makefile:126: recipe for target 'cmTC_93eec/fast' failed
make: *** [cmTC_93eec/fast] Error 2

File /home/yangjian/AWS_CodeBuild/AWS_CodeBuild/Roboscrub_ws/build/CMakeFiles/CMakeTmp/CheckSymbolExists.c:
/* */
#include <pthread.h>

int main(int argc, char** argv)
{
  (void)argv;
#ifndef pthread_create
  return ((int*)(&pthread_create))[argc];
#else
  (void)argc;
  return 0;
#endif
}

Determining if the function pthread_create exists in the pthreads failed with the following output:
Change Dir: /home/yangjian/AWS_CodeBuild/AWS_CodeBuild/Roboscrub_ws/build/CMakeFiles/CMakeTmp

Run Build Command:"/usr/bin/make" "cmTC_287da/fast"
/usr/bin/make -f CMakeFiles/cmTC_287da.dir/build.make CMakeFiles/cmTC_287da.dir/build
make[1]: Entering directory '/home/yangjian/AWS_CodeBuild/AWS_CodeBuild/Roboscrub_ws/build/CMakeFiles/CMakeTmp'
Building C object CMakeFiles/cmTC_287da.dir/CheckFunctionExists.c.o
/usr/bin/cc   -DCHECK_FUNCTION_EXISTS=pthread_create   -o CMakeFiles/cmTC_287da.dir/CheckFunctionExists.c.o   -c /usr/share/cmake-3.10/Modules/CheckFunctionExists.c
Linking C executable cmTC_287da
/usr/bin/cmake -E cmake_link_script CMakeFiles/cmTC_287da.dir/link.txt --verbose=1
/usr/bin/cc  -DCHECK_FUNCTION_EXISTS=pthread_create    -rdynamic CMakeFiles/cmTC_287da.dir/CheckFunctionExists.c.o  -o cmTC_287da -lpthreads 
/usr/bin/ld: cannot find -lpthreads
collect2: error: ld returned 1 exit status
CMakeFiles/cmTC_287da.dir/build.make:97: recipe for target 'cmTC_287da' failed
make[1]: *** [cmTC_287da] Error 1
make[1]: Leaving directory '/home/yangjian/AWS_CodeBuild/AWS_CodeBuild/Roboscrub_ws/build/CMakeFiles/CMakeTmp'
Makefile:126: recipe for target 'cmTC_287da/fast' failed
make: *** [cmTC_287da/fast] Error 2


